2025-05-15 14:19:30,272 INFO: Action: login_google_initiate, User: anonymous, Details: Initiated Google login process [in C:\Users\yehia\OneDrive\Desktop\Data_integrity-_final_project-main\app.py:608]
2025-05-15 14:19:35,003 INFO: Action: login_github_initiate, User: anonymous, Details: Initiated GitHub login process [in C:\Users\yehia\OneDrive\Desktop\Data_integrity-_final_project-main\app.py:608]

2025-05-15 14:19:47,793 INFO: Action: access_denied, User: 127.0.0.1, Details: Attempted to access / without being logged in. [in C:\Users\yehia\OneDrive\Desktop\Data_integrity-_final_project-main\app.py:608]
2025-05-15 14:20:30,271 INFO: Action: login_github_initiate, User: anonymous, Details: Initiated GitHub login process [in C:\Users\yehia\OneDrive\Desktop\Data_integrity-_final_project-main\app.py:604]
2025-05-15 14:21:33,596 INFO: Action: login_github_initiate, User: anonymous, Details: Initiated GitHub login process [in C:\Users\yehia\OneDrive\Desktop\Data_integrity-_final_project-main\app.py:604]
2025-05-15 14:21:35,662 INFO: Action: login_google_initiate, User: anonymous, Details: Initiated Google login process [in C:\Users\yehia\OneDrive\Desktop\Data_integrity-_final_project-main\app.py:604]
2025-05-15 14:22:42,802 INFO: Action: login_google_initiate, User: anonymous, Details: Initiated Google login process [in C:\Users\yehia\OneDrive\Desktop\Data_integrity-_final_project-main\app.py:612]
2025-05-15 14:22:54,876 INFO: Action: login_google_initiate, User: anonymous, Details: Initiated Google login process [in C:\Users\yehia\OneDrive\Desktop\Data_integrity-_final_project-main\app.py:612]
2025-05-15 14:28:23,465 INFO: Action: login_google_initiate, User: anonymous, Details: Initiated Google login process [in C:\Users\yehia\OneDrive\Desktop\Data_integrity-_final_project-main\app.py:600]
2025-05-15 14:28:23,967 INFO: Action: login_google_initiate, User: anonymous, Details: Initiated Google login process [in C:\Users\yehia\OneDrive\Desktop\Data_integrity-_final_project-main\app.py:600]
2025-05-15 14:28:24,389 INFO: Action: login_google_initiate, User: anonymous, Details: Initiated Google login process [in C:\Users\yehia\OneDrive\Desktop\Data_integrity-_final_project-main\app.py:600]
2025-05-15 14:28:24,815 INFO: Action: login_google_initiate, User: anonymous, Details: Initiated Google login process [in C:\Users\yehia\OneDrive\Desktop\Data_integrity-_final_project-main\app.py:600]
2025-05-15 14:28:25,253 INFO: Action: login_google_initiate, User: anonymous, Details: Initiated Google login process [in C:\Users\yehia\OneDrive\Desktop\Data_integrity-_final_project-main\app.py:600]
2025-05-15 14:28:27,183 INFO: Action: login_google_initiate, User: anonymous, Details: Initiated Google login process [in C:\Users\yehia\OneDrive\Desktop\Data_integrity-_final_project-main\app.py:600]
2025-05-15 14:28:27,617 INFO: Action: login_google_initiate, User: anonymous, Details: Initiated Google login process [in C:\Users\yehia\OneDrive\Desktop\Data_integrity-_final_project-main\app.py:600]
2025-05-15 14:28:28,040 INFO: Action: login_google_initiate, User: anonymous, Details: Initiated Google login process [in C:\Users\yehia\OneDrive\Desktop\Data_integrity-_final_project-main\app.py:600]
2025-05-15 14:28:28,450 INFO: Action: login_google_initiate, User: anonymous, Details: Initiated Google login process [in C:\Users\yehia\OneDrive\Desktop\Data_integrity-_final_project-main\app.py:600]
2025-05-15 14:28:32,110 INFO: Action: login_github_initiate, User: anonymous, Details: Initiated GitHub login process [in C:\Users\yehia\OneDrive\Desktop\Data_integrity-_final_project-main\app.py:600]
2025-05-15 14:28:56,517 INFO: Action: login_manual_password_success, User: user, Details: Password verified for user user. Proceeding to 2FA. [in C:\Users\yehia\OneDrive\Desktop\Data_integrity-_final_project-main\app.py:600]
2025-05-15 14:29:06,239 INFO: Action: login_manual_2fa_success, User: user, Details: User user successfully completed 2FA and logged in manually. [in C:\Users\yehia\OneDrive\Desktop\Data_integrity-_final_project-main\app.py:600]
2025-05-15 14:29:15,520 INFO: Upload request received [in C:\Users\yehia\OneDrive\Desktop\Data_integrity-_final_project-main\app.py:477]
2025-05-15 14:29:15,522 INFO: File received: Front ID.pdf [in C:\Users\yehia\OneDrive\Desktop\Data_integrity-_final_project-main\app.py:487]
2025-05-15 14:29:15,522 INFO: Saving file to: uploads\user_Front_ID.pdf.enc [in C:\Users\yehia\OneDrive\Desktop\Data_integrity-_final_project-main\app.py:513]
2025-05-15 14:29:15,523 INFO: File saved successfully [in C:\Users\yehia\OneDrive\Desktop\Data_integrity-_final_project-main\app.py:518]
2025-05-15 14:29:15,530 INFO: File hash calculated: 828c89a8d392b59683ee6cc557e92f915b98a7412f4dfdba07780321b09d7cab [in C:\Users\yehia\OneDrive\Desktop\Data_integrity-_final_project-main\app.py:527]
2025-05-15 14:29:15,532 INFO: File information stored in database successfully [in C:\Users\yehia\OneDrive\Desktop\Data_integrity-_final_project-main\app.py:553]
2025-05-15 14:29:15,533 INFO: Action: upload, User: user, Details: Uploaded file: Front ID.pdf [in C:\Users\yehia\OneDrive\Desktop\Data_integrity-_final_project-main\app.py:600]
2025-05-15 14:29:18,943 INFO: Action: verify, User: user, Details: Verified file: Front ID.pdf [in C:\Users\yehia\OneDrive\Desktop\Data_integrity-_final_project-main\app.py:600]
2025-05-15 14:29:23,201 INFO: File deleted from filesystem: uploads\user_Front_ID.pdf.enc [in C:\Users\yehia\OneDrive\Desktop\Data_integrity-_final_project-main\app.py:782]
2025-05-15 14:29:23,203 INFO: Document deleted from database: 22 [in C:\Users\yehia\OneDrive\Desktop\Data_integrity-_final_project-main\app.py:795]
2025-05-15 14:29:23,204 INFO: Action: delete, User: user, Details: Deleted file: Front ID.pdf [in C:\Users\yehia\OneDrive\Desktop\Data_integrity-_final_project-main\app.py:600]
2025-05-15 14:35:36,422 INFO: Action: register, User: admin, Details: User registered successfully [in C:\Users\yehia\OneDrive\Desktop\Data_integrity-_final_project-main\app.py:600]
2025-05-15 14:35:36,502 INFO: Action: qr_code, User: admin, Details: Generated QR code for 2FA for user admin [in C:\Users\yehia\OneDrive\Desktop\Data_integrity-_final_project-main\app.py:600]
2025-05-15 14:36:20,746 INFO: Action: login_manual_password_success, User: admin, Details: Password verified for user admin. Proceeding to 2FA. [in C:\Users\yehia\OneDrive\Desktop\Data_integrity-_final_project-main\app.py:600]
2025-05-15 14:36:27,731 INFO: Action: login_manual_2fa_success, User: admin, Details: User admin successfully completed 2FA and logged in manually. [in C:\Users\yehia\OneDrive\Desktop\Data_integrity-_final_project-main\app.py:600]
2025-05-15 14:48:13,169 INFO: Action: login_github_initiate, User: anonymous, Details: Initiated GitHub login process [in C:\Users\yehia\OneDrive\Desktop\Data_integrity-_final_project-main\app.py:600]
2025-05-15 14:48:16,509 INFO: Action: login_google_initiate, User: anonymous, Details: Initiated Google login process [in C:\Users\yehia\OneDrive\Desktop\Data_integrity-_final_project-main\app.py:600]
2025-05-15 14:48:23,104 INFO: Action: login_google_initiate, User: anonymous, Details: Initiated Google login process [in C:\Users\yehia\OneDrive\Desktop\Data_integrity-_final_project-main\app.py:600]
2025-05-15 14:48:23,593 INFO: Action: login_google_initiate, User: anonymous, Details: Initiated Google login process [in C:\Users\yehia\OneDrive\Desktop\Data_integrity-_final_project-main\app.py:600]
2025-05-15 14:51:16,620 INFO: Action: login_manual_password_success, User: user, Details: Password verified for user user. Proceeding to 2FA. [in C:\Users\yehia\OneDrive\Desktop\Data_integrity-_final_project-main\app.py:600]
2025-05-15 14:51:25,480 INFO: Action: login_manual_2fa_success, User: user, Details: User user successfully completed 2FA and logged in manually. [in C:\Users\yehia\OneDrive\Desktop\Data_integrity-_final_project-main\app.py:600]
2025-05-15 14:52:39,599 INFO: Action: login_manual_failed, User: user, Details: Failed login attempt for user user [in C:\Users\yehia\OneDrive\Desktop\Data_integrity-_final_project-main\app.py:600]
2025-05-15 14:52:46,921 INFO: Action: login_manual_password_success, User: user, Details: Password verified for user user. Proceeding to 2FA. [in C:\Users\yehia\OneDrive\Desktop\Data_integrity-_final_project-main\app.py:600]
2025-05-15 14:52:56,084 INFO: Action: login_manual_2fa_success, User: user, Details: User user successfully completed 2FA and logged in manually. [in C:\Users\yehia\OneDrive\Desktop\Data_integrity-_final_project-main\app.py:600]
2025-05-15 14:53:15,725 INFO: Action: login_manual_failed, User: admin, Details: Failed login attempt for user admin [in C:\Users\yehia\OneDrive\Desktop\Data_integrity-_final_project-main\app.py:600]
2025-05-15 14:53:26,476 INFO: Action: login_manual_password_success, User: admin, Details: Password verified for user admin. Proceeding to 2FA. [in C:\Users\yehia\OneDrive\Desktop\Data_integrity-_final_project-main\app.py:600]
2025-05-15 14:53:33,957 INFO: Action: login_manual_2fa_success, User: admin, Details: User admin successfully completed 2FA and logged in manually. [in C:\Users\yehia\OneDrive\Desktop\Data_integrity-_final_project-main\app.py:600]
2025-05-15 14:54:36,243 INFO: Action: login_manual_failed, User: user, Details: Failed login attempt for user user [in C:\Users\yehia\OneDrive\Desktop\Data_integrity-_final_project-main\app.py:600]
2025-05-15 14:54:42,680 INFO: Action: login_manual_password_success, User: user, Details: Password verified for user user. Proceeding to 2FA. [in C:\Users\yehia\OneDrive\Desktop\Data_integrity-_final_project-main\app.py:600]
2025-05-15 14:54:54,403 INFO: Action: login_manual_2fa_failed, User: user, Details: User user failed 2FA. Invalid code. [in C:\Users\yehia\OneDrive\Desktop\Data_integrity-_final_project-main\app.py:600]
2025-05-15 14:55:03,695 INFO: Action: login_manual_2fa_success, User: user, Details: User user successfully completed 2FA and logged in manually. [in C:\Users\yehia\OneDrive\Desktop\Data_integrity-_final_project-main\app.py:600]
